{"/root/dev-fake-smtp-server-cpu-issues/src/send.ts": {"path":"/root/dev-fake-smtp-server-cpu-issues/src/send.ts","statementMap":{"0":{"start":{"line":16,"column":32},"end":{"line":16,"column":38}},"1":{"start":{"line":18,"column":4},"end":{"line":18,"column":null}},"2":{"start":{"line":20,"column":4},"end":{"line":20,"column":null}},"3":{"start":{"line":12,"column":0},"end":{"line":12,"column":22}}},"fnMap":{"0":{"name":"send","decl":{"start":{"line":12,"column":22},"end":{"line":12,"column":26}},"loc":{"start":{"line":15,"column":1},"end":{"line":21,"column":null}}}},"branchMap":{},"s":{"0":1,"1":1,"2":1,"3":1},"f":{"0":1},"b":{}}
,"/root/dev-fake-smtp-server-cpu-issues/src/utils.ts": {"path":"/root/dev-fake-smtp-server-cpu-issues/src/utils.ts","statementMap":{"0":{"start":{"line":1,"column":0},"end":{"line":1,"column":35}},"1":{"start":{"line":3,"column":16},"end":{"line":3,"column":66}},"2":{"start":{"line":4,"column":20},"end":{"line":4,"column":70}},"3":{"start":{"line":5,"column":24},"end":{"line":5,"column":63}},"4":{"start":{"line":8,"column":28},"end":{"line":13,"column":null}},"5":{"start":{"line":15,"column":2},"end":{"line":15,"column":null}},"6":{"start":{"line":7,"column":0},"end":{"line":7,"column":16}}},"fnMap":{"0":{"name":"mockMailClient","decl":{"start":{"line":7,"column":16},"end":{"line":7,"column":30}},"loc":{"start":{"line":7,"column":30},"end":{"line":16,"column":1}}}},"branchMap":{"0":{"loc":{"start":{"line":3,"column":16},"end":{"line":3,"column":66}},"type":"cond-expr","locations":[{"start":{"line":3,"column":60},"end":{"line":3,"column":64}},{"start":{"line":3,"column":64},"end":{"line":3,"column":66}}]},"1":{"loc":{"start":{"line":3,"column":16},"end":{"line":3,"column":64}},"type":"binary-expr","locations":[{"start":{"line":3,"column":16},"end":{"line":3,"column":64}},{"start":{"line":3,"column":60},"end":{"line":3,"column":64}}]},"2":{"loc":{"start":{"line":4,"column":20},"end":{"line":4,"column":70}},"type":"cond-expr","locations":[{"start":{"line":4,"column":64},"end":{"line":4,"column":68}},{"start":{"line":4,"column":68},"end":{"line":4,"column":70}}]},"3":{"loc":{"start":{"line":4,"column":20},"end":{"line":4,"column":68}},"type":"binary-expr","locations":[{"start":{"line":4,"column":20},"end":{"line":4,"column":68}},{"start":{"line":4,"column":64},"end":{"line":4,"column":68}}]},"4":{"loc":{"start":{"line":5,"column":24},"end":{"line":5,"column":63}},"type":"cond-expr","locations":[{"start":{"line":5,"column":57},"end":{"line":5,"column":61}},{"start":{"line":5,"column":61},"end":{"line":5,"column":63}}]},"5":{"loc":{"start":{"line":5,"column":24},"end":{"line":5,"column":61}},"type":"binary-expr","locations":[{"start":{"line":5,"column":24},"end":{"line":5,"column":61}},{"start":{"line":5,"column":57},"end":{"line":5,"column":61}}]}},"s":{"0":1,"1":1,"2":1,"3":1,"4":1,"5":1,"6":1},"f":{"0":1},"b":{"0":[1,0],"1":[1,1],"2":[1,0],"3":[1,1],"4":[1,0],"5":[1,1]}}
}
